e:\visual实验\文档视图结构\第三周实验一\mfc2.2\mfc2.2\debug\mfc2.2.pch
e:\visual实验\文档视图结构\第三周实验一\mfc2.2\mfc2.2\debug\vc140.pdb
e:\visual实验\文档视图结构\第三周实验一\mfc2.2\mfc2.2\debug\vc140.idb
e:\visual实验\文档视图结构\第三周实验一\mfc2.2\mfc2.2\debug\stdafx.obj
e:\visual实验\文档视图结构\第三周实验一\mfc2.2\mfc2.2\debug\mainfrm.obj
e:\visual实验\文档视图结构\第三周实验一\mfc2.2\mfc2.2\debug\mfc2.2.obj
e:\visual实验\文档视图结构\第三周实验一\mfc2.2\mfc2.2\debug\mfc2.2doc.obj
e:\visual实验\文档视图结构\第三周实验一\mfc2.2\mfc2.2\debug\mfc2.2view.obj
e:\visual实验\文档视图结构\第三周实验一\mfc2.2\debug\mfc2.2.ilk
e:\visual实验\文档视图结构\第三周实验一\mfc2.2\debug\mfc2.2.exe
e:\visual实验\文档视图结构\第三周实验一\mfc2.2\debug\mfc2.2.pdb
e:\visual实验\文档视图结构\第三周实验一\mfc2.2\mfc2.2\debug\mfc2.2.res
e:\visual实验\文档视图结构\第三周实验一\mfc2.2\mfc2.2\debug\mfc2.2.tlog\cl.command.1.tlog
e:\visual实验\文档视图结构\第三周实验一\mfc2.2\mfc2.2\debug\mfc2.2.tlog\cl.read.1.tlog
e:\visual实验\文档视图结构\第三周实验一\mfc2.2\mfc2.2\debug\mfc2.2.tlog\cl.write.1.tlog
e:\visual实验\文档视图结构\第三周实验一\mfc2.2\mfc2.2\debug\mfc2.2.tlog\link.command.1.tlog
e:\visual实验\文档视图结构\第三周实验一\mfc2.2\mfc2.2\debug\mfc2.2.tlog\link.read.1.tlog
e:\visual实验\文档视图结构\第三周实验一\mfc2.2\mfc2.2\debug\mfc2.2.tlog\link.write.1.tlog
e:\visual实验\文档视图结构\第三周实验一\mfc2.2\mfc2.2\debug\mfc2.2.tlog\rc.command.1.tlog
e:\visual实验\文档视图结构\第三周实验一\mfc2.2\mfc2.2\debug\mfc2.2.tlog\rc.read.1.tlog
e:\visual实验\文档视图结构\第三周实验一\mfc2.2\mfc2.2\debug\mfc2.2.tlog\rc.write.1.tlog
