e:\visual实验\文档视图结构\第四周实验\mfc5\mfc5\debug\mfc5.pch
e:\visual实验\文档视图结构\第四周实验\mfc5\mfc5\debug\vc140.pdb
e:\visual实验\文档视图结构\第四周实验\mfc5\mfc5\debug\vc140.idb
e:\visual实验\文档视图结构\第四周实验\mfc5\mfc5\debug\stdafx.obj
e:\visual实验\文档视图结构\第四周实验\mfc5\mfc5\debug\mainfrm.obj
e:\visual实验\文档视图结构\第四周实验\mfc5\mfc5\debug\mfc5.obj
e:\visual实验\文档视图结构\第四周实验\mfc5\mfc5\debug\mfc5doc.obj
e:\visual实验\文档视图结构\第四周实验\mfc5\mfc5\debug\mfc5view.obj
e:\visual实验\文档视图结构\第四周实验\mfc5\mfc5\debug\mfc5.res
e:\visual实验\文档视图结构\第四周实验\mfc5\debug\mfc5.pdb
e:\visual实验\文档视图结构\第四周实验\mfc5\mfc5\debug\mfc5.tlog\cl.command.1.tlog
e:\visual实验\文档视图结构\第四周实验\mfc5\mfc5\debug\mfc5.tlog\cl.read.1.tlog
e:\visual实验\文档视图结构\第四周实验\mfc5\mfc5\debug\mfc5.tlog\cl.write.1.tlog
e:\visual实验\文档视图结构\第四周实验\mfc5\mfc5\debug\mfc5.tlog\link-cvtres.read.1.tlog
e:\visual实验\文档视图结构\第四周实验\mfc5\mfc5\debug\mfc5.tlog\link-cvtres.write.1.tlog
e:\visual实验\文档视图结构\第四周实验\mfc5\mfc5\debug\mfc5.tlog\link-mt.read.1.tlog
e:\visual实验\文档视图结构\第四周实验\mfc5\mfc5\debug\mfc5.tlog\link-mt.write.1.tlog
e:\visual实验\文档视图结构\第四周实验\mfc5\mfc5\debug\mfc5.tlog\link-rc.read.1.tlog
e:\visual实验\文档视图结构\第四周实验\mfc5\mfc5\debug\mfc5.tlog\link-rc.write.1.tlog
e:\visual实验\文档视图结构\第四周实验\mfc5\mfc5\debug\mfc5.tlog\link.18516-cvtres.read.1.tlog
e:\visual实验\文档视图结构\第四周实验\mfc5\mfc5\debug\mfc5.tlog\link.18516-cvtres.write.1.tlog
e:\visual实验\文档视图结构\第四周实验\mfc5\mfc5\debug\mfc5.tlog\link.18516-mt.read.1.tlog
e:\visual实验\文档视图结构\第四周实验\mfc5\mfc5\debug\mfc5.tlog\link.18516-mt.write.1.tlog
e:\visual实验\文档视图结构\第四周实验\mfc5\mfc5\debug\mfc5.tlog\link.18516-rc.read.1.tlog
e:\visual实验\文档视图结构\第四周实验\mfc5\mfc5\debug\mfc5.tlog\link.18516-rc.write.1.tlog
e:\visual实验\文档视图结构\第四周实验\mfc5\mfc5\debug\mfc5.tlog\link.18516.read.1.tlog
e:\visual实验\文档视图结构\第四周实验\mfc5\mfc5\debug\mfc5.tlog\link.18516.write.1.tlog
e:\visual实验\文档视图结构\第四周实验\mfc5\mfc5\debug\mfc5.tlog\link.command.1.tlog
e:\visual实验\文档视图结构\第四周实验\mfc5\mfc5\debug\mfc5.tlog\link.read.1.tlog
e:\visual实验\文档视图结构\第四周实验\mfc5\mfc5\debug\mfc5.tlog\link.write.1.tlog
e:\visual实验\文档视图结构\第四周实验\mfc5\mfc5\debug\mfc5.tlog\rc.command.1.tlog
e:\visual实验\文档视图结构\第四周实验\mfc5\mfc5\debug\mfc5.tlog\rc.read.1.tlog
e:\visual实验\文档视图结构\第四周实验\mfc5\mfc5\debug\mfc5.tlog\rc.write.1.tlog
