e:\visual实验\文档视图结构\第三周实验一\mfc2.3\mfc2.3\debug\mfc2.3.pch
e:\visual实验\文档视图结构\第三周实验一\mfc2.3\mfc2.3\debug\vc140.pdb
e:\visual实验\文档视图结构\第三周实验一\mfc2.3\mfc2.3\debug\vc140.idb
e:\visual实验\文档视图结构\第三周实验一\mfc2.3\mfc2.3\debug\stdafx.obj
e:\visual实验\文档视图结构\第三周实验一\mfc2.3\mfc2.3\debug\mainfrm.obj
e:\visual实验\文档视图结构\第三周实验一\mfc2.3\mfc2.3\debug\mfc2.3.obj
e:\visual实验\文档视图结构\第三周实验一\mfc2.3\mfc2.3\debug\mfc2.3doc.obj
e:\visual实验\文档视图结构\第三周实验一\mfc2.3\mfc2.3\debug\mfc2.3view.obj
e:\visual实验\文档视图结构\第三周实验一\mfc2.3\debug\mfc2.3.ilk
e:\visual实验\文档视图结构\第三周实验一\mfc2.3\debug\mfc2.3.exe
e:\visual实验\文档视图结构\第三周实验一\mfc2.3\debug\mfc2.3.pdb
e:\visual实验\文档视图结构\第三周实验一\mfc2.3\mfc2.3\debug\mfc2.3.res
e:\visual实验\文档视图结构\第三周实验一\mfc2.3\mfc2.3\debug\mfc2.3.tlog\cl.command.1.tlog
e:\visual实验\文档视图结构\第三周实验一\mfc2.3\mfc2.3\debug\mfc2.3.tlog\cl.read.1.tlog
e:\visual实验\文档视图结构\第三周实验一\mfc2.3\mfc2.3\debug\mfc2.3.tlog\cl.write.1.tlog
e:\visual实验\文档视图结构\第三周实验一\mfc2.3\mfc2.3\debug\mfc2.3.tlog\link.command.1.tlog
e:\visual实验\文档视图结构\第三周实验一\mfc2.3\mfc2.3\debug\mfc2.3.tlog\link.read.1.tlog
e:\visual实验\文档视图结构\第三周实验一\mfc2.3\mfc2.3\debug\mfc2.3.tlog\link.write.1.tlog
e:\visual实验\文档视图结构\第三周实验一\mfc2.3\mfc2.3\debug\mfc2.3.tlog\rc.command.1.tlog
e:\visual实验\文档视图结构\第三周实验一\mfc2.3\mfc2.3\debug\mfc2.3.tlog\rc.read.1.tlog
e:\visual实验\文档视图结构\第三周实验一\mfc2.3\mfc2.3\debug\mfc2.3.tlog\rc.write.1.tlog
