e:\visual实验\文档视图结构\第十一周实验\mfc11.1\mfc11.1\debug\mfc11.1.pch
e:\visual实验\文档视图结构\第十一周实验\mfc11.1\mfc11.1\debug\vc140.pdb
e:\visual实验\文档视图结构\第十一周实验\mfc11.1\mfc11.1\debug\vc140.idb
e:\visual实验\文档视图结构\第十一周实验\mfc11.1\mfc11.1\debug\stdafx.obj
e:\visual实验\文档视图结构\第十一周实验\mfc11.1\mfc11.1\debug\mainfrm.obj
e:\visual实验\文档视图结构\第十一周实验\mfc11.1\mfc11.1\debug\mfc11.1.obj
e:\visual实验\文档视图结构\第十一周实验\mfc11.1\mfc11.1\debug\mfc11.1doc.obj
e:\visual实验\文档视图结构\第十一周实验\mfc11.1\mfc11.1\debug\mfc11.1set.obj
e:\visual实验\文档视图结构\第十一周实验\mfc11.1\mfc11.1\debug\mfc11.1view.obj
e:\visual实验\文档视图结构\第十一周实验\mfc11.1\debug\mfc11.1.ilk
e:\visual实验\文档视图结构\第十一周实验\mfc11.1\debug\mfc11.1.exe
e:\visual实验\文档视图结构\第十一周实验\mfc11.1\debug\mfc11.1.pdb
e:\visual实验\文档视图结构\第十一周实验\mfc11.1\mfc11.1\debug\mfc11.1.res
e:\visual实验\文档视图结构\第十一周实验\mfc11.1\mfc11.1\debug\mfc11.1.tlog\cl.command.1.tlog
e:\visual实验\文档视图结构\第十一周实验\mfc11.1\mfc11.1\debug\mfc11.1.tlog\cl.read.1.tlog
e:\visual实验\文档视图结构\第十一周实验\mfc11.1\mfc11.1\debug\mfc11.1.tlog\cl.write.1.tlog
e:\visual实验\文档视图结构\第十一周实验\mfc11.1\mfc11.1\debug\mfc11.1.tlog\link.command.1.tlog
e:\visual实验\文档视图结构\第十一周实验\mfc11.1\mfc11.1\debug\mfc11.1.tlog\link.read.1.tlog
e:\visual实验\文档视图结构\第十一周实验\mfc11.1\mfc11.1\debug\mfc11.1.tlog\link.write.1.tlog
e:\visual实验\文档视图结构\第十一周实验\mfc11.1\mfc11.1\debug\mfc11.1.tlog\rc.command.1.tlog
e:\visual实验\文档视图结构\第十一周实验\mfc11.1\mfc11.1\debug\mfc11.1.tlog\rc.read.1.tlog
e:\visual实验\文档视图结构\第十一周实验\mfc11.1\mfc11.1\debug\mfc11.1.tlog\rc.write.1.tlog
