e:\visual实验\文档视图结构\第十周实验\mfc10\mfc10\debug\mfc10.pch
e:\visual实验\文档视图结构\第十周实验\mfc10\mfc10\debug\vc140.pdb
e:\visual实验\文档视图结构\第十周实验\mfc10\mfc10\debug\vc140.idb
e:\visual实验\文档视图结构\第十周实验\mfc10\mfc10\debug\stdafx.obj
e:\visual实验\文档视图结构\第十周实验\mfc10\mfc10\debug\mainfrm.obj
e:\visual实验\文档视图结构\第十周实验\mfc10\mfc10\debug\mfc10.obj
e:\visual实验\文档视图结构\第十周实验\mfc10\mfc10\debug\mfc10doc.obj
e:\visual实验\文档视图结构\第十周实验\mfc10\mfc10\debug\mfc10view.obj
e:\visual实验\文档视图结构\第十周实验\mfc10\debug\mfc10.ilk
e:\visual实验\文档视图结构\第十周实验\mfc10\debug\mfc10.exe
e:\visual实验\文档视图结构\第十周实验\mfc10\debug\mfc10.pdb
e:\visual实验\文档视图结构\第十周实验\mfc10\mfc10\debug\mfc10.res
e:\visual实验\文档视图结构\第十周实验\mfc10\mfc10\debug\mfc10.tlog\cl.command.1.tlog
e:\visual实验\文档视图结构\第十周实验\mfc10\mfc10\debug\mfc10.tlog\cl.read.1.tlog
e:\visual实验\文档视图结构\第十周实验\mfc10\mfc10\debug\mfc10.tlog\cl.write.1.tlog
e:\visual实验\文档视图结构\第十周实验\mfc10\mfc10\debug\mfc10.tlog\link.command.1.tlog
e:\visual实验\文档视图结构\第十周实验\mfc10\mfc10\debug\mfc10.tlog\link.read.1.tlog
e:\visual实验\文档视图结构\第十周实验\mfc10\mfc10\debug\mfc10.tlog\link.write.1.tlog
e:\visual实验\文档视图结构\第十周实验\mfc10\mfc10\debug\mfc10.tlog\rc.command.1.tlog
e:\visual实验\文档视图结构\第十周实验\mfc10\mfc10\debug\mfc10.tlog\rc.read.1.tlog
e:\visual实验\文档视图结构\第十周实验\mfc10\mfc10\debug\mfc10.tlog\rc.write.1.tlog
